c:\users\kaisa\source\repos\c++\breakout\x64\debug\breakout\breakout.lib
c:\users\kaisa\source\repos\c++\breakout\x64\debug\breakout\breakout.exp
c:\users\kaisa\source\repos\c++\breakout\breakout\x64\debug\vc142.pdb
c:\users\kaisa\source\repos\c++\breakout\breakout\x64\debug\vc142.idb
c:\users\kaisa\source\repos\c++\breakout\breakout\x64\debug\resource_manager.obj
c:\users\kaisa\source\repos\c++\breakout\breakout\x64\debug\power_up.obj
c:\users\kaisa\source\repos\c++\breakout\breakout\x64\debug\particle_generator.obj
c:\users\kaisa\source\repos\c++\breakout\breakout\x64\debug\instance.obj
c:\users\kaisa\source\repos\c++\breakout\breakout\x64\debug\game_object.obj
c:\users\kaisa\source\repos\c++\breakout\breakout\x64\debug\checkpoint.obj
c:\users\kaisa\source\repos\c++\breakout\breakout\x64\debug\common.obj
c:\users\kaisa\source\repos\c++\breakout\breakout\x64\debug\breakout.obj
c:\users\kaisa\source\repos\c++\breakout\breakout\x64\debug\ball.obj
c:\users\kaisa\source\repos\c++\breakout\breakout\x64\debug\breakout.ilk
c:\users\kaisa\source\repos\c++\breakout\x64\debug\breakout\breakout.dll
c:\users\kaisa\source\repos\c++\breakout\x64\debug\breakout\breakout.pdb
c:\users\kaisa\source\repos\c++\breakout\breakout\x64\debug\breakout.tlog\breakout.write.1u.tlog
c:\users\kaisa\source\repos\c++\breakout\breakout\x64\debug\breakout.tlog\cl.command.1.tlog
c:\users\kaisa\source\repos\c++\breakout\breakout\x64\debug\breakout.tlog\cl.read.1.tlog
c:\users\kaisa\source\repos\c++\breakout\breakout\x64\debug\breakout.tlog\cl.write.1.tlog
c:\users\kaisa\source\repos\c++\breakout\breakout\x64\debug\breakout.tlog\link.command.1.tlog
c:\users\kaisa\source\repos\c++\breakout\breakout\x64\debug\breakout.tlog\link.read.1.tlog
c:\users\kaisa\source\repos\c++\breakout\breakout\x64\debug\breakout.tlog\link.write.1.tlog
