c:\users\kaisa\source\repos\c++\breakout\sprite_engine\x64\release\vc142.pdb
c:\users\kaisa\source\repos\c++\breakout\sprite_engine\x64\release\texture2d.obj
c:\users\kaisa\source\repos\c++\breakout\sprite_engine\x64\release\sprite_renderer.obj
c:\users\kaisa\source\repos\c++\breakout\sprite_engine\x64\release\shader.obj
c:\users\kaisa\source\repos\c++\breakout\sprite_engine\x64\release\resource_engine.obj
c:\users\kaisa\source\repos\c++\breakout\sprite_engine\x64\release\post_processor.obj
c:\users\kaisa\source\repos\c++\breakout\x64\release\breakout\sprite_engine.dll
c:\users\kaisa\source\repos\c++\breakout\sprite_engine\x64\release\sprite_engine.iobj
c:\users\whalefall\source\repos\breakout\x64\release\lib\sprite_engine.lib
c:\users\whalefall\source\repos\breakout\x64\release\lib\sprite_engine.exp
c:\users\whalefall\source\repos\breakout\x64\release\breakout\sprite_engine.ipdb
c:\users\whalefall\source\repos\breakout\x64\release\breakout\sprite_engine.iobj
c:\users\kaisa\source\repos\c++\breakout\x64\release\lib\sprite_engine.lib
c:\users\kaisa\source\repos\c++\breakout\x64\release\lib\sprite_engine.exp
c:\users\kaisa\source\repos\c++\breakout\sprite_engine\x64\release\sprite_engine.ipdb
c:\users\kaisa\source\repos\c++\breakout\sprite_engine\x64\release\sprite_engine.tlog\cl.command.1.tlog
c:\users\kaisa\source\repos\c++\breakout\sprite_engine\x64\release\sprite_engine.tlog\cl.read.1.tlog
c:\users\kaisa\source\repos\c++\breakout\sprite_engine\x64\release\sprite_engine.tlog\cl.write.1.tlog
c:\users\kaisa\source\repos\c++\breakout\sprite_engine\x64\release\sprite_engine.tlog\link.command.1.tlog
c:\users\kaisa\source\repos\c++\breakout\sprite_engine\x64\release\sprite_engine.tlog\link.read.1.tlog
c:\users\kaisa\source\repos\c++\breakout\sprite_engine\x64\release\sprite_engine.tlog\link.write.1.tlog
c:\users\kaisa\source\repos\c++\breakout\sprite_engine\x64\release\sprite_engine.tlog\sprite_engine.write.1u.tlog
