c:\users\whalefall\source\repos\breakout\x64\release\lib\breakout.lib
c:\users\whalefall\source\repos\breakout\x64\release\lib\breakout.exp
c:\users\whalefall\source\repos\breakout\x64\release\breakout\breakout.ipdb
c:\users\whalefall\source\repos\breakout\x64\release\breakout\breakout.iobj
c:\users\kaisa\source\repos\c++\breakout\x64\release\lib\breakout.lib
c:\users\kaisa\source\repos\c++\breakout\x64\release\lib\breakout.exp
c:\users\kaisa\source\repos\c++\breakout\breakout\x64\release\vc142.pdb
c:\users\kaisa\source\repos\c++\breakout\breakout\x64\release\resource_manager.obj
c:\users\kaisa\source\repos\c++\breakout\breakout\x64\release\power_up.obj
c:\users\kaisa\source\repos\c++\breakout\breakout\x64\release\particle_generator.obj
c:\users\kaisa\source\repos\c++\breakout\breakout\x64\release\instance.obj
c:\users\kaisa\source\repos\c++\breakout\breakout\x64\release\game_object.obj
c:\users\kaisa\source\repos\c++\breakout\breakout\x64\release\checkpoint.obj
c:\users\kaisa\source\repos\c++\breakout\breakout\x64\release\common.obj
c:\users\kaisa\source\repos\c++\breakout\breakout\x64\release\breakout.obj
c:\users\kaisa\source\repos\c++\breakout\breakout\x64\release\ball.obj
c:\users\kaisa\source\repos\c++\breakout\x64\release\breakout\breakout.dll
c:\users\kaisa\source\repos\c++\breakout\breakout\x64\release\breakout.iobj
c:\users\kaisa\source\repos\c++\breakout\breakout\x64\release\breakout.ipdb
c:\users\kaisa\source\repos\c++\breakout\breakout\x64\release\breakout.tlog\breakout.write.1u.tlog
c:\users\kaisa\source\repos\c++\breakout\breakout\x64\release\breakout.tlog\cl.command.1.tlog
c:\users\kaisa\source\repos\c++\breakout\breakout\x64\release\breakout.tlog\cl.read.1.tlog
c:\users\kaisa\source\repos\c++\breakout\breakout\x64\release\breakout.tlog\cl.write.1.tlog
c:\users\kaisa\source\repos\c++\breakout\breakout\x64\release\breakout.tlog\link.command.1.tlog
c:\users\kaisa\source\repos\c++\breakout\breakout\x64\release\breakout.tlog\link.read.1.tlog
c:\users\kaisa\source\repos\c++\breakout\breakout\x64\release\breakout.tlog\link.write.1.tlog
